<?xml version="1.0" encoding="UTF-8"?>
<testng-results ignored="0" total="1" passed="1" failed="0" skipped="0">
  <reporter-output>
  </reporter-output>
  <suite started-at="2022-10-20T14:10:08 IST" name="Default suite" finished-at="2022-10-20T14:10:13 IST" duration-ms="4990">
    <groups>
    </groups>
    <test started-at="2022-10-20T14:10:08 IST" name="Default test" finished-at="2022-10-20T14:10:13 IST" duration-ms="4990">
      <class name="testcases.TestCase1">
        <test-method signature="TestC1()[pri:0, instance:testcases.TestCase1@229f66ed]" started-at="2022-10-20T14:10:08 IST" name="TestC1" finished-at="2022-10-20T14:10:13 IST" duration-ms="4935" status="PASS">
          <reporter-output>
          </reporter-output>
        </test-method> <!-- TestC1 -->
      </class> <!-- testcases.TestCase1 -->
    </test> <!-- Default test -->
  </suite> <!-- Default suite -->
</testng-results>
